<?xml version="1.0" encoding="UTF-8"?>
<!-- Generated by org.testng.reporters.JUnitReportReporter -->
<testsuite hostname="Nikhil-PC" name="TestCases.NavigationChecks" tests="1" failures="0" timestamp="5 Apr 2016 11:10:21 GMT" time="10.812" errors="0">
  <testcase name="navigate" time="10.812" classname="TestCases.NavigationChecks"/>
</testsuite> <!-- TestCases.NavigationChecks -->
