<?xml version="1.0" encoding="UTF-8"?>
<!-- Generated by org.testng.reporters.JUnitReportReporter -->
<testsuite hostname="Nikhil-PC" name="DriverApp.DriverApptest.Driver_Login" tests="1" failures="0" timestamp="15 Mar 2016 06:36:13 GMT" time="19.586" errors="0">
  <testcase name="login" time="19.586" classname="DriverApp.DriverApptest.Driver_Login"/>
</testsuite> <!-- DriverApp.DriverApptest.Driver_Login -->
