<?xml version="1.0" encoding="UTF-8"?>
<!-- Generated by org.testng.reporters.JUnitReportReporter -->
<testsuite hostname="NIKHIL" name="TestCases.NavigationChecks" tests="1" failures="0" timestamp="9 Jun 2016 09:01:42 GMT" time="6.974" errors="0">
  <testcase name="navigate" time="6.974" classname="TestCases.NavigationChecks"/>
</testsuite> <!-- TestCases.NavigationChecks -->
