<?xml version="1.0" encoding="UTF-8"?>
<!-- Generated by org.testng.reporters.JUnitReportReporter -->
<testsuite hostname="Nikhil-PC" name="TestCases.In_tripChange" tests="1" failures="0" timestamp="10 Jun 2016 08:15:15 GMT" time="46.547" errors="0">
  <testcase name="Intrip_FullPay" time="46.547" classname="TestCases.In_tripChange"/>
</testsuite> <!-- TestCases.In_tripChange -->
