<?xml version="1.0" encoding="UTF-8"?>
<!-- Generated by org.testng.reporters.JUnitReportReporter -->
<testsuite hostname="Nikhil-PC" name="TestCases.Driver_Login" tests="1" failures="0" timestamp="21 Mar 2016 04:34:57 GMT" time="24.403" errors="0">
  <testcase name="login" time="24.403" classname="TestCases.Driver_Login"/>
</testsuite> <!-- TestCases.Driver_Login -->
