<?xml version="1.0" encoding="UTF-8"?>
<!-- Generated by org.testng.reporters.JUnitReportReporter -->
<testsuite hostname="Nikhil-PC" name="Util.Parameterization" tests="1" failures="0" timestamp="14 Mar 2016 10:25:00 GMT" time="0.007" errors="0">
  <testcase name="testData" time="0.007" classname="Util.Parameterization"/>
</testsuite> <!-- Util.Parameterization -->
