<?xml version="1.0" encoding="UTF-8"?>
<!-- Generated by org.testng.reporters.JUnitReportReporter -->
<testsuite hostname="Nikhil-PC" name="TestCases.StartEndTrip" tests="1" failures="0" timestamp="5 Apr 2016 13:26:22 GMT" time="57.701" errors="0">
  <testcase name="start_end_trip" time="57.701" classname="TestCases.StartEndTrip"/>
</testsuite> <!-- TestCases.StartEndTrip -->
