<?xml version="1.0" encoding="UTF-8"?>
<!-- Generated by org.testng.reporters.JUnitReportReporter -->
<testsuite hostname="Nikhil-PC" name="TestCases.Generics" tests="1" failures="0" timestamp="9 Mar 2016 10:54:02 GMT" time="22.542" errors="0">
  <testcase name="login" time="22.542" classname="TestCases.Generics"/>
</testsuite> <!-- TestCases.Generics -->
