<?xml version="1.0" encoding="UTF-8"?>
<!-- Generated by org.testng.reporters.JUnitReportReporter -->
<testsuite hostname="Nikhil-PC" name="TestCases.BookingInstationPackage" tests="1" failures="0" timestamp="13 Jun 2016 09:47:44 GMT" time="208.125" errors="0">
  <testcase name="booking" time="208.125" classname="TestCases.BookingInstationPackage"/>
</testsuite> <!-- TestCases.BookingInstationPackage -->
