<?xml version="1.0" encoding="UTF-8"?>
<!-- Generated by org.testng.reporters.JUnitReportReporter -->
<testsuite hostname="Nikhil-PC" name="TestCases.BookingInstationPackage" tests="1" failures="0" timestamp="6 Jun 2016 11:21:49 GMT" time="137.585" errors="0">
  <testcase name="booking" time="137.585" classname="TestCases.BookingInstationPackage"/>
</testsuite> <!-- TestCases.BookingInstationPackage -->
