<?xml version="1.0" encoding="UTF-8"?>
<!-- Generated by org.testng.reporters.JUnitReportReporter -->
<testsuite hostname="Nikhil-PC" name="TestCases.NavigationChecks" tests="1" failures="0" timestamp="13 Jun 2016 04:37:40 GMT" time="8.085" errors="0">
  <testcase name="navigate" time="8.085" classname="TestCases.NavigationChecks"/>
</testsuite> <!-- TestCases.NavigationChecks -->
