<?xml version="1.0" encoding="UTF-8"?>
<!-- Generated by org.testng.reporters.JUnitReportReporter -->
<testsuite hostname="NIKHIL" name="TestCases.In_tripChange" tests="1" failures="0" timestamp="9 Jun 2016 11:39:03 GMT" time="79.950" errors="0">
  <testcase name="Intrip_FullPay" time="79.950" classname="TestCases.In_tripChange"/>
</testsuite> <!-- TestCases.In_tripChange -->
