<?xml version="1.0" encoding="UTF-8"?>
<!-- Generated by org.testng.reporters.JUnitReportReporter -->
<testsuite hostname="NIKHIL" name="TestCases.Change_Password" tests="1" failures="0" timestamp="9 Jun 2016 10:24:55 GMT" time="43.823" errors="0">
  <testcase name="PasswordChange" time="43.823" classname="TestCases.Change_Password"/>
</testsuite> <!-- TestCases.Change_Password -->
